<?xml version="1.0" encoding="UTF-8"?>
<!-- Generated by org.testng.reporters.JUnitReportReporter -->
<testsuite hostname="DESKTOP-62ENQ34" failures="0" tests="1" name="com.gudexams.admin.AdminLogin" time="8.775" errors="0" timestamp="2022-06-18T17:18:45 IST" skipped="0">
  <testcase classname="com.gudexams.admin.AdminLogin" name="adminLoginPage" time="8.775"/>
  <system-out/>
</testsuite> <!-- com.gudexams.admin.AdminLogin -->
