<?xml version="1.0" encoding="UTF-8"?>
<!-- Generated by org.testng.reporters.JUnitReportReporter -->
<testsuite hostname="DESKTOP-62ENQ34" failures="0" tests="2" name="com.gudexams.student.Login" time="39.741" errors="0" timestamp="2022-02-14T11:12:15 IST" skipped="0">
  <testcase classname="com.gudexams.student.Login" name="stdLogin" time="16.447"/>
  <system-out/>
  <testcase classname="com.gudexams.student.Login" name="StudentLogin" time="23.294"/>
  <system-out/>
</testsuite> <!-- com.gudexams.student.Login -->
