<?xml version="1.0" encoding="UTF-8"?>
<!-- Generated by org.testng.reporters.JUnitReportReporter -->
<testsuite hostname="DESKTOP-62ENQ34" failures="0" tests="1" name="com.gudexams.reports.ExtentReport" time="8.871" errors="0" timestamp="2022-02-17T15:24:37 IST" skipped="0">
  <testcase classname="com.gudexams.reports.ExtentReport" name="reports" time="8.871"/>
  <system-out/>
</testsuite> <!-- com.gudexams.reports.ExtentReport -->
